{"/Users/meilar/Epicodus/shapes/src/test-code.js": {"path":"/Users/meilar/Epicodus/shapes/src/test-code.js","statementMap":{"0":{"start":{"line":2,"column":2},"end":{"line":2,"column":22}}},"fnMap":{"0":{"name":"testCode","decl":{"start":{"line":1,"column":24},"end":{"line":1,"column":32}},"loc":{"start":{"line":1,"column":35},"end":{"line":3,"column":1}},"line":1}},"branchMap":{},"s":{"0":1},"f":{"0":1},"b":{},"_coverageSchema":"43e27e138ebf9cfc5966b082cf9a028302ed4184","hash":"5fb8a2ac288bb5867e21d476befc79ee2ed504e9"}
}
